Arguments: 
  /usr/local/Cellar/node/11.2.0/bin/node /Users/tuxianchao/.yarn/bin/yarn.js start

PATH: 
  /Users/tuxianchao/.yarn/bin:/Users/tuxianchao/.config/yarn/global/node_modules/.bin:/usr/local/bin:/usr/bin:/bin:/usr/sbin:/sbin:/usr/local/go/bin:/usr/local/mysql/bin:/Users/tuxianchao/dev_tool/maven/apache-maven-3.5.4/bin:/Users/tuxianchao/go/bin

Yarn version: 
  1.15.2

Node version: 
  11.2.0

Platform: 
  darwin x64

Trace: 
  TypeError [ERR_INVALID_ARG_VALUE]: The argument 'file' cannot be empty. Received ''
      at normalizeSpawnArguments (child_process.js:402:11)
      at Object.spawn (child_process.js:537:38)
      at /Users/tuxianchao/.yarn/lib/cli.js:25740:24
      at new Promise (<anonymous>)
      at new F (/Users/tuxianchao/.yarn/lib/cli.js:5228:28)
      at /Users/tuxianchao/.yarn/lib/cli.js:25739:12
      at run (/Users/tuxianchao/.yarn/lib/cli.js:42764:7)
      at BlockingQueue.maybePushConcurrencyQueue (/Users/tuxianchao/.yarn/lib/cli.js:42779:7)
      at BlockingQueue.shift (/Users/tuxianchao/.yarn/lib/cli.js:42774:10)
      at /Users/tuxianchao/.yarn/lib/cli.js:42718:15

npm manifest: 
  {
    "name": "webgl_tutorial",
    "version": "1.0.0",
    "description": "webgl编程指南学习工程",
    "main": "index.js",
    "directories": {
      "lib": "lib"
    },
    "scripts": {
      "test": "echo \"Error: no test specified\" && exit 1",
  	"prestart":"",
  	"start":" http-server -p 80",
      "poststart":"node script/openBrowser.js"
  
    },
    "repository": {
      "type": "git",
      "url": "git+https://github.com/tuxianchao/webgl_tutorial.git"
    },
    "author": "",
    "license": "ISC",
    "bugs": {
      "url": "https://github.com/tuxianchao/webgl_tutorial/issues"
    },
    "homepage": "https://github.com/tuxianchao/webgl_tutorial#readme",
    "devDependencies": {
      "http-server": "^0.11.1"
    }
  }

yarn manifest: 
  No manifest

Lockfile: 
  No lockfile
